0 silly argv {
0 silly argv   _: [ 'version' ],
0 silly argv   lernaVersion: '8.2.3',
0 silly argv   '$0': '/Users/lenmor/LERNASR/monorepo-1/node_modules/.bin/lerna'
0 silly argv }
1 notice cli v8.2.3
2 verbose packageConfigs Resolving packages based on package.json "workspaces" configuration.
3 verbose rootPath /Users/lenmor/LERNASR/monorepo-1
4 info current version 1.0.0
5 silly isAnythingCommitted
6 verbose isAnythingCommitted 1
7 silly getCurrentBranch
8 verbose currentBranch main
9 silly remoteBranchExists
10 silly isBehindUpstream
11 silly isBehindUpstream main is behind origin/main by 0 commit(s) and ahead by 2
12 silly hasTags
13 verbose hasTags true
14 silly git-describe.sync "v1.0.0-2-g0b8a024" => {"lastTagName":"v1.0.0","lastVersion":"v1.0.0","refCount":"2","sha":"0b8a024","isDirty":false}
15 info Looking for changed packages since v1.0.0
16 silly checking diff packages/demo-is-even
17 silly found diff in packages/demo-is-even/package.json
18 verbose filtered diff [ 'packages/demo-is-even/package.json' ]
19 silly checking diff packages/demo-is-odd
20 silly found diff in packages/demo-is-odd/package.json
21 verbose filtered diff [ 'packages/demo-is-odd/package.json' ]
22 verbose updated @lenmorld/demo-is-even
23 verbose updated @lenmorld/demo-is-odd
24 verbose git-describe undefined => "v1.0.0-2-g0b8a024"
25 silly git-describe parsed => {"lastTagName":"v1.0.0","lastVersion":"v1.0.0","refCount":"2","sha":"0b8a024","isDirty":false}
26 info execute Skipping releases
27 silly lifecycle No script for "preversion" in "root", continuing
28 silly lifecycle No script for "preversion" in "@lenmorld/demo-is-even", continuing
29 silly lifecycle No script for "preversion" in "@lenmorld/demo-is-odd", continuing
30 verbose version @lenmorld/demo-is-even has no lockfile. Skipping lockfile update.
31 verbose version @lenmorld/demo-is-odd has no lockfile. Skipping lockfile update.
32 silly lifecycle No script for "version" in "@lenmorld/demo-is-odd", continuing
33 silly lifecycle No script for "version" in "@lenmorld/demo-is-even", continuing
34 silly lifecycle No script for "version" in "root", continuing
35 verbose version Updating root package-lock.json
36 silly gitAdd [
36 silly gitAdd   'packages/demo-is-odd/package.json',
36 silly gitAdd   'packages/demo-is-even/package.json',
36 silly gitAdd   'lerna.json',
36 silly gitAdd   'package-lock.json'
36 silly gitAdd ]
37 silly gitCommit v1.0.1
38 verbose git [ 'commit', '-m', 'v1.0.1' ]
39 silly gitTag v1.0.1 git tag %s -m %s
40 verbose git [ 'tag', 'v1.0.1', '-m', 'v1.0.1' ]
41 silly lifecycle No script for "postversion" in "@lenmorld/demo-is-even", continuing
42 silly lifecycle No script for "postversion" in "@lenmorld/demo-is-odd", continuing
43 silly lifecycle No script for "postversion" in "root", continuing
44 info git Pushing tags...
45 silly gitPush origin main
46 error Error: Command failed with exit code 1: git push --follow-tags --no-verify --atomic origin main
46 error remote: error: GH013: Repository rule violations found for refs/heads/main.
46 error remote:
46 error remote: - GITHUB PUSH PROTECTION
46 error remote:   —————————————————————————————————————————
46 error remote:     Resolve the following violations before pushing again
46 error remote:
46 error remote:     - Push cannot contain secrets
46 error remote:
46 error remote:
46 error remote:      (?) Learn how to resolve a blocked push
46 error remote:      https://docs.github.com/code-security/secret-scanning/working-with-secret-scanning-and-push-protection/working-with-push-protection-from-the-command-line#resolving-a-blocked-push
46 error remote:
46 error remote:
46 error remote:       —— GitHub Personal Access Token ——————————————————————
46 error remote:        locations:
46 error remote:          - commit: 0b8a02406a9b920babf6e5d7246356fc0b149be1
46 error remote:            path: .npmrc:1
46 error remote:
46 error remote:        (?) To push, remove secret from commit(s) or follow this URL to allow the secret.
46 error remote:        https://github.com/lenmorld/monorepo-1/security/secret-scanning/unblock-secret/30I1yNwMr2kLlDAr8u06QIjne1X
46 error remote:
46 error remote:
46 error remote:
46 error remote: error: GH013: Repository rule violations found for refs/tags/v1.0.1.
46 error remote:
46 error remote: - GITHUB PUSH PROTECTION
46 error remote:   —————————————————————————————————————————
46 error remote:     Resolve the following violations before pushing again
46 error remote:
46 error remote:     - Push cannot contain secrets
46 error remote:
46 error remote:
46 error remote:      (?) Learn how to resolve a blocked push
46 error remote:      https://docs.github.com/code-security/secret-scanning/working-with-secret-scanning-and-push-protection/working-with-push-protection-from-the-command-line#resolving-a-blocked-push
46 error remote:
46 error remote:
46 error remote:       —— GitHub Personal Access Token ——————————————————————
46 error remote:        locations:
46 error remote:          - commit: 0b8a02406a9b920babf6e5d7246356fc0b149be1
46 error remote:            path: .npmrc:1
46 error remote:
46 error remote:        (?) To push, remove secret from commit(s) or follow this URL to allow the secret.
46 error remote:        https://github.com/lenmorld/monorepo-1/security/secret-scanning/unblock-secret/30I1yNwMr2kLlDAr8u06QIjne1X
46 error remote:
46 error remote:
46 error remote:
46 error To https://github.com/lenmorld/monorepo-1.git
46 error  ! [remote rejected] main -> main (push declined due to repository rule violations)
46 error  ! [remote rejected] v1.0.1 -> v1.0.1 (push declined due to repository rule violations)
46 error error: failed to push some refs to 'https://github.com/lenmorld/monorepo-1.git'
46 error     at makeError (/Users/lenmor/LERNASR/monorepo-1/node_modules/execa/lib/error.js:59:11)
46 error     at handlePromise (/Users/lenmor/LERNASR/monorepo-1/node_modules/execa/index.js:114:26)
